The system is: Darwin - 19.6.0 - x86_64
Compiling the CXX compiler identification source file "CMakeCXXCompilerId.cpp" succeeded.
Compiler:  
Build flags: 
Id flags:  

The output was:
0
Command line invocation:
    /Applications/Xcode.app/Contents/Developer/usr/bin/xcodebuild

note: Using new build system
note: Planning build
note: Constructing build description
warning: Traditional headermap style is no longer supported; please migrate to using separate headermaps and set 'ALWAYS_SEARCH_USER_PATHS' to NO. (in target 'CompilerIdCXX' from project 'CompilerIdCXX')
CreateBuildDirectory /Users/john/Documents/code/advent-of-code-2020/day22/build/CMakeFiles/3.17.2/CompilerIdCXX (in target 'CompilerIdCXX' from project 'CompilerIdCXX')
    cd /Users/john/Documents/code/advent-of-code-2020/day22/build/CMakeFiles/3.17.2/CompilerIdCXX
    builtin-create-build-directory /Users/john/Documents/code/advent-of-code-2020/day22/build/CMakeFiles/3.17.2/CompilerIdCXX

WriteAuxiliaryFile /Users/john/Documents/code/advent-of-code-2020/day22/build/CMakeFiles/3.17.2/CompilerIdCXX/CompilerIdCXX.build/Debug/CompilerIdCXX.build/CompilerIdCXX-generated-files.hmap (in target 'CompilerIdCXX' from project 'CompilerIdCXX')
    cd /Users/john/Documents/code/advent-of-code-2020/day22/build/CMakeFiles/3.17.2/CompilerIdCXX
    write-file /Users/john/Documents/code/advent-of-code-2020/day22/build/CMakeFiles/3.17.2/CompilerIdCXX/CompilerIdCXX.build/Debug/CompilerIdCXX.build/CompilerIdCXX-generated-files.hmap

WriteAuxiliaryFile /Users/john/Documents/code/advent-of-code-2020/day22/build/CMakeFiles/3.17.2/CompilerIdCXX/CompilerIdCXX.build/Debug/CompilerIdCXX.build/CompilerIdCXX-all-target-headers.hmap (in target 'CompilerIdCXX' from project 'CompilerIdCXX')
    cd /Users/john/Documents/code/advent-of-code-2020/day22/build/CMakeFiles/3.17.2/CompilerIdCXX
    write-file /Users/john/Documents/code/advent-of-code-2020/day22/build/CMakeFiles/3.17.2/CompilerIdCXX/CompilerIdCXX.build/Debug/CompilerIdCXX.build/CompilerIdCXX-all-target-headers.hmap

WriteAuxiliaryFile /Users/john/Documents/code/advent-of-code-2020/day22/build/CMakeFiles/3.17.2/CompilerIdCXX/CompilerIdCXX.build/Debug/CompilerIdCXX.build/CompilerIdCXX.hmap (in target 'CompilerIdCXX' from project 'CompilerIdCXX')
    cd /Users/john/Documents/code/advent-of-code-2020/day22/build/CMakeFiles/3.17.2/CompilerIdCXX
    write-file /Users/john/Documents/code/advent-of-code-2020/day22/build/CMakeFiles/3.17.2/CompilerIdCXX/CompilerIdCXX.build/Debug/CompilerIdCXX.build/CompilerIdCXX.hmap

WriteAuxiliaryFile /Users/john/Documents/code/advent-of-code-2020/day22/build/CMakeFiles/3.17.2/CompilerIdCXX/CompilerIdCXX.build/Debug/CompilerIdCXX.build/CompilerIdCXX-own-target-headers.hmap (in target 'CompilerIdCXX' from project 'CompilerIdCXX')
    cd /Users/john/Documents/code/advent-of-code-2020/day22/build/CMakeFiles/3.17.2/CompilerIdCXX
    write-file /Users/john/Documents/code/advent-of-code-2020/day22/build/CMakeFiles/3.17.2/CompilerIdCXX/CompilerIdCXX.build/Debug/CompilerIdCXX.build/CompilerIdCXX-own-target-headers.hmap

WriteAuxiliaryFile /Users/john/Documents/code/advent-of-code-2020/day22/build/CMakeFiles/3.17.2/CompilerIdCXX/CompilerIdCXX.build/Debug/CompilerIdCXX.build/CompilerIdCXX-all-non-framework-target-headers.hmap (in target 'CompilerIdCXX' from project 'CompilerIdCXX')
    cd /Users/john/Documents/code/advent-of-code-2020/day22/build/CMakeFiles/3.17.2/CompilerIdCXX
    write-file /Users/john/Documents/code/advent-of-code-2020/day22/build/CMakeFiles/3.17.2/CompilerIdCXX/CompilerIdCXX.build/Debug/CompilerIdCXX.build/CompilerIdCXX-all-non-framework-target-headers.hmap

WriteAuxiliaryFile /Users/john/Documents/code/advent-of-code-2020/day22/build/CMakeFiles/3.17.2/CompilerIdCXX/CompilerIdCXX.build/Debug/CompilerIdCXX.build/all-product-headers.yaml (in target 'CompilerIdCXX' from project 'CompilerIdCXX')
    cd /Users/john/Documents/code/advent-of-code-2020/day22/build/CMakeFiles/3.17.2/CompilerIdCXX
    write-file /Users/john/Documents/code/advent-of-code-2020/day22/build/CMakeFiles/3.17.2/CompilerIdCXX/CompilerIdCXX.build/Debug/CompilerIdCXX.build/all-product-headers.yaml

WriteAuxiliaryFile /Users/john/Documents/code/advent-of-code-2020/day22/build/CMakeFiles/3.17.2/CompilerIdCXX/CompilerIdCXX.build/Debug/CompilerIdCXX.build/CompilerIdCXX-project-headers.hmap (in target 'CompilerIdCXX' from project 'CompilerIdCXX')
    cd /Users/john/Documents/code/advent-of-code-2020/day22/build/CMakeFiles/3.17.2/CompilerIdCXX
    write-file /Users/john/Documents/code/advent-of-code-2020/day22/build/CMakeFiles/3.17.2/CompilerIdCXX/CompilerIdCXX.build/Debug/CompilerIdCXX.build/CompilerIdCXX-project-headers.hmap

CompileC /Users/john/Documents/code/advent-of-code-2020/day22/build/CMakeFiles/3.17.2/CompilerIdCXX/CompilerIdCXX.build/Debug/CompilerIdCXX.build/Objects-normal/x86_64/CMakeCXXCompilerId.o /Users/john/Documents/code/advent-of-code-2020/day22/build/CMakeFiles/3.17.2/CompilerIdCXX/CMakeCXXCompilerId.cpp normal x86_64 c++ com.apple.compilers.llvm.clang.1_0.compiler (in target 'CompilerIdCXX' from project 'CompilerIdCXX')
    cd /Users/john/Documents/code/advent-of-code-2020/day22/build/CMakeFiles/3.17.2/CompilerIdCXX
    export LANG=en_US.US-ASCII
    /Applications/Xcode.app/Contents/Developer/Toolchains/XcodeDefault.xctoolchain/usr/bin/clang -x c++ -target x86_64-apple-macos10.15 -fmessage-length=0 -fdiagnostics-show-note-include-stack -fmacro-backtrace-limit=0 -Wno-trigraphs -fpascal-strings -Os -Wno-missing-field-initializers -Wno-missing-prototypes -Wno-return-type -Wno-non-virtual-dtor -Wno-overloaded-virtual -Wno-exit-time-destructors -Wno-missing-braces -Wparentheses -Wswitch -Wno-unused-function -Wno-unused-label -Wno-unused-parameter -Wno-unused-variable -Wunused-value -Wno-empty-body -Wno-uninitialized -Wno-unknown-pragmas -Wno-shadow -Wno-four-char-constants -Wno-conversion -Wno-constant-conversion -Wno-int-conversion -Wno-bool-conversion -Wno-enum-conversion -Wno-float-conversion -Wno-non-literal-null-conversion -Wno-objc-literal-conversion -Wno-shorten-64-to-32 -Wno-newline-eof -Wno-c++11-extensions -isysroot /Applications/Xcode.app/Contents/Developer/Platforms/MacOSX.platform/Developer/SDKs/MacOSX10.15.sdk -fasm-blocks -fstrict-aliasing -Wdeprecated-declarations -Winvalid-offsetof -g -fvisibility=hidden -fvisibility-inlines-hidden -Wno-sign-conversion -Wno-infinite-recursion -Wno-move -Wno-comma -Wno-block-capture-autoreleasing -Wno-strict-prototypes -Wno-range-loop-analysis -Wno-semicolon-before-method-body -iquote /Users/john/Documents/code/advent-of-code-2020/day22/build/CMakeFiles/3.17.2/CompilerIdCXX/CompilerIdCXX.build/Debug/CompilerIdCXX.build/CompilerIdCXX-generated-files.hmap -I/Users/john/Documents/code/advent-of-code-2020/day22/build/CMakeFiles/3.17.2/CompilerIdCXX/CompilerIdCXX.build/Debug/CompilerIdCXX.build/CompilerIdCXX-own-target-headers.hmap -I/Users/john/Documents/code/advent-of-code-2020/day22/build/CMakeFiles/3.17.2/CompilerIdCXX/CompilerIdCXX.build/Debug/CompilerIdCXX.build/CompilerIdCXX-all-target-headers.hmap -iquote /Users/john/Documents/code/advent-of-code-2020/day22/build/CMakeFiles/3.17.2/CompilerIdCXX/CompilerIdCXX.build/Debug/CompilerIdCXX.build/CompilerIdCXX-project-headers.hmap -I/Users/john/Documents/code/advent-of-code-2020/day22/build/CMakeFiles/3.17.2/CompilerIdCXX/include -I/Users/john/Documents/code/advent-of-code-2020/day22/build/CMakeFiles/3.17.2/CompilerIdCXX/CompilerIdCXX.build/Debug/CompilerIdCXX.build/DerivedSources-normal/x86_64 -I/Users/john/Documents/code/advent-of-code-2020/day22/build/CMakeFiles/3.17.2/CompilerIdCXX/CompilerIdCXX.build/Debug/CompilerIdCXX.build/DerivedSources/x86_64 -I/Users/john/Documents/code/advent-of-code-2020/day22/build/CMakeFiles/3.17.2/CompilerIdCXX/CompilerIdCXX.build/Debug/CompilerIdCXX.build/DerivedSources -F/Users/john/Documents/code/advent-of-code-2020/day22/build/CMakeFiles/3.17.2/CompilerIdCXX -MMD -MT dependencies -MF /Users/john/Documents/code/advent-of-code-2020/day22/build/CMakeFiles/3.17.2/CompilerIdCXX/CompilerIdCXX.build/Debug/CompilerIdCXX.build/Objects-normal/x86_64/CMakeCXXCompilerId.d --serialize-diagnostics /Users/john/Documents/code/advent-of-code-2020/day22/build/CMakeFiles/3.17.2/CompilerIdCXX/CompilerIdCXX.build/Debug/CompilerIdCXX.build/Objects-normal/x86_64/CMakeCXXCompilerId.dia -c /Users/john/Documents/code/advent-of-code-2020/day22/build/CMakeFiles/3.17.2/CompilerIdCXX/CMakeCXXCompilerId.cpp -o /Users/john/Documents/code/advent-of-code-2020/day22/build/CMakeFiles/3.17.2/CompilerIdCXX/CompilerIdCXX.build/Debug/CompilerIdCXX.build/Objects-normal/x86_64/CMakeCXXCompilerId.o

WriteAuxiliaryFile /Users/john/Documents/code/advent-of-code-2020/day22/build/CMakeFiles/3.17.2/CompilerIdCXX/CompilerIdCXX.build/Debug/CompilerIdCXX.build/Objects-normal/x86_64/CompilerIdCXX.LinkFileList (in target 'CompilerIdCXX' from project 'CompilerIdCXX')
    cd /Users/john/Documents/code/advent-of-code-2020/day22/build/CMakeFiles/3.17.2/CompilerIdCXX
    write-file /Users/john/Documents/code/advent-of-code-2020/day22/build/CMakeFiles/3.17.2/CompilerIdCXX/CompilerIdCXX.build/Debug/CompilerIdCXX.build/Objects-normal/x86_64/CompilerIdCXX.LinkFileList

Ld /Users/john/Documents/code/advent-of-code-2020/day22/build/CMakeFiles/3.17.2/CompilerIdCXX/CompilerIdCXX normal x86_64 (in target 'CompilerIdCXX' from project 'CompilerIdCXX')
    cd /Users/john/Documents/code/advent-of-code-2020/day22/build/CMakeFiles/3.17.2/CompilerIdCXX
    /Applications/Xcode.app/Contents/Developer/Toolchains/XcodeDefault.xctoolchain/usr/bin/clang++ -target x86_64-apple-macos10.15 -isysroot /Applications/Xcode.app/Contents/Developer/Platforms/MacOSX.platform/Developer/SDKs/MacOSX10.15.sdk -L/Users/john/Documents/code/advent-of-code-2020/day22/build/CMakeFiles/3.17.2/CompilerIdCXX -F/Users/john/Documents/code/advent-of-code-2020/day22/build/CMakeFiles/3.17.2/CompilerIdCXX -filelist /Users/john/Documents/code/advent-of-code-2020/day22/build/CMakeFiles/3.17.2/CompilerIdCXX/CompilerIdCXX.build/Debug/CompilerIdCXX.build/Objects-normal/x86_64/CompilerIdCXX.LinkFileList -Xlinker -object_path_lto -Xlinker /Users/john/Documents/code/advent-of-code-2020/day22/build/CMakeFiles/3.17.2/CompilerIdCXX/CompilerIdCXX.build/Debug/CompilerIdCXX.build/Objects-normal/x86_64/CompilerIdCXX_lto.o -Xlinker -dependency_info -Xlinker /Users/john/Documents/code/advent-of-code-2020/day22/build/CMakeFiles/3.17.2/CompilerIdCXX/CompilerIdCXX.build/Debug/CompilerIdCXX.build/Objects-normal/x86_64/CompilerIdCXX_dependency_info.dat -o /Users/john/Documents/code/advent-of-code-2020/day22/build/CMakeFiles/3.17.2/CompilerIdCXX/CompilerIdCXX

WriteAuxiliaryFile /Users/john/Documents/code/advent-of-code-2020/day22/build/CMakeFiles/3.17.2/CompilerIdCXX/CompilerIdCXX.build/Debug/CompilerIdCXX.build/Script-2C8FEB8E15DC1A1A00E56A5D.sh (in target 'CompilerIdCXX' from project 'CompilerIdCXX')
    cd /Users/john/Documents/code/advent-of-code-2020/day22/build/CMakeFiles/3.17.2/CompilerIdCXX
    write-file /Users/john/Documents/code/advent-of-code-2020/day22/build/CMakeFiles/3.17.2/CompilerIdCXX/CompilerIdCXX.build/Debug/CompilerIdCXX.build/Script-2C8FEB8E15DC1A1A00E56A5D.sh

PhaseScriptExecution Run\ Script /Users/john/Documents/code/advent-of-code-2020/day22/build/CMakeFiles/3.17.2/CompilerIdCXX/CompilerIdCXX.build/Debug/CompilerIdCXX.build/Script-2C8FEB8E15DC1A1A00E56A5D.sh (in target 'CompilerIdCXX' from project 'CompilerIdCXX')
    cd /Users/john/Documents/code/advent-of-code-2020/day22/build/CMakeFiles/3.17.2/CompilerIdCXX
    /bin/sh -c /Users/john/Documents/code/advent-of-code-2020/day22/build/CMakeFiles/3.17.2/CompilerIdCXX/CompilerIdCXX.build/Debug/CompilerIdCXX.build/Script-2C8FEB8E15DC1A1A00E56A5D.sh
GCC_VERSION=com.apple.compilers.llvm.clang.1_0
ARCHS=x86_64

RegisterExecutionPolicyException /Users/john/Documents/code/advent-of-code-2020/day22/build/CMakeFiles/3.17.2/CompilerIdCXX/CompilerIdCXX (in target 'CompilerIdCXX' from project 'CompilerIdCXX')
    cd /Users/john/Documents/code/advent-of-code-2020/day22/build/CMakeFiles/3.17.2/CompilerIdCXX
    builtin-RegisterExecutionPolicyException /Users/john/Documents/code/advent-of-code-2020/day22/build/CMakeFiles/3.17.2/CompilerIdCXX/CompilerIdCXX
note: Execution policy exception registration failed and was skipped: Error Domain=NSPOSIXErrorDomain Code=1 "Operation not permitted" (in target 'CompilerIdCXX' from project 'CompilerIdCXX')

** BUILD SUCCEEDED **



Compilation of the CXX compiler identification source "CMakeCXXCompilerId.cpp" produced "CompilerIdCXX"

The CXX compiler identification is AppleClang, found in "/Users/john/Documents/code/advent-of-code-2020/day22/build/CMakeFiles/3.17.2/CompilerIdCXX/CompilerIdCXX"

Determining if the CXX compiler works passed with the following output:
Change Dir: /Users/john/Documents/code/advent-of-code-2020/day22/build/CMakeFiles/CMakeTmp

Run Build Command(s):/usr/bin/xcodebuild -project CMAKE_TRY_COMPILE.xcodeproj build -target cmTC_9de64 -configuration Debug -hideShellScriptEnvironment && Command line invocation:
    /Applications/Xcode.app/Contents/Developer/usr/bin/xcodebuild -project CMAKE_TRY_COMPILE.xcodeproj build -target cmTC_9de64 -configuration Debug -hideShellScriptEnvironment

User defaults from command line:
    HideShellScriptEnvironment = YES

Prepare build
note: Using legacy build system
=== BUILD TARGET cmTC_9de64 OF PROJECT CMAKE_TRY_COMPILE WITH CONFIGURATION Debug ===

Check dependencies

Write auxiliary files
/bin/mkdir -p /Users/john/Documents/code/advent-of-code-2020/day22/build/CMakeFiles/CMakeTmp/CMAKE_TRY_COMPILE.build/Debug/cmTC_9de64.build/Objects-normal/x86_64
write-file /Users/john/Documents/code/advent-of-code-2020/day22/build/CMakeFiles/CMakeTmp/CMAKE_TRY_COMPILE.build/Debug/cmTC_9de64.build/Objects-normal/x86_64/cmTC_9de64.LinkFileList

CompileC CMAKE_TRY_COMPILE.build/Debug/cmTC_9de64.build/Objects-normal/x86_64/testCXXCompiler.o testCXXCompiler.cxx normal x86_64 c++ com.apple.compilers.llvm.clang.1_0.compiler
    cd /Users/john/Documents/code/advent-of-code-2020/day22/build/CMakeFiles/CMakeTmp
    /Applications/Xcode.app/Contents/Developer/Toolchains/XcodeDefault.xctoolchain/usr/bin/clang -x c++ -target x86_64-apple-macos10.15 -fmessage-length=0 -fdiagnostics-show-note-include-stack -fmacro-backtrace-limit=0 -Wno-trigraphs -fpascal-strings -O0 -Wno-missing-field-initializers -Wno-missing-prototypes -Wno-return-type -Wno-non-virtual-dtor -Wno-overloaded-virtual -Wno-exit-time-destructors -Wno-missing-braces -Wparentheses -Wswitch -Wno-unused-function -Wno-unused-label -Wno-unused-parameter -Wno-unused-variable -Wunused-value -Wno-empty-body -Wno-uninitialized -Wno-unknown-pragmas -Wno-shadow -Wno-four-char-constants -Wno-conversion -Wno-constant-conversion -Wno-int-conversion -Wno-bool-conversion -Wno-enum-conversion -Wno-float-conversion -Wno-non-literal-null-conversion -Wno-objc-literal-conversion -Wno-shorten-64-to-32 -Wno-newline-eof -Wno-c++11-extensions -DCMAKE_INTDIR=\"Debug\" -isysroot /Applications/Xcode.app/Contents/Developer/Platforms/MacOSX.platform/Developer/SDKs/MacOSX10.15.sdk -fasm-blocks -fstrict-aliasing -Wdeprecated-declarations -Winvalid-offsetof -g -Wno-sign-conversion -Wno-infinite-recursion -Wno-move -Wno-comma -Wno-block-capture-autoreleasing -Wno-strict-prototypes -Wno-range-loop-analysis -Wno-semicolon-before-method-body -I/Users/john/Documents/code/advent-of-code-2020/day22/build/CMakeFiles/CMakeTmp/Debug/include -I/Users/john/Documents/code/advent-of-code-2020/day22/build/CMakeFiles/CMakeTmp/CMAKE_TRY_COMPILE.build/Debug/cmTC_9de64.build/DerivedSources-normal/x86_64 -I/Users/john/Documents/code/advent-of-code-2020/day22/build/CMakeFiles/CMakeTmp/CMAKE_TRY_COMPILE.build/Debug/cmTC_9de64.build/DerivedSources/x86_64 -I/Users/john/Documents/code/advent-of-code-2020/day22/build/CMakeFiles/CMakeTmp/CMAKE_TRY_COMPILE.build/Debug/cmTC_9de64.build/DerivedSources -F/Users/john/Documents/code/advent-of-code-2020/day22/build/CMakeFiles/CMakeTmp/Debug -MMD -MT dependencies -MF /Users/john/Documents/code/advent-of-code-2020/day22/build/CMakeFiles/CMakeTmp/CMAKE_TRY_COMPILE.build/Debug/cmTC_9de64.build/Objects-normal/x86_64/testCXXCompiler.d --serialize-diagnostics /Users/john/Documents/code/advent-of-code-2020/day22/build/CMakeFiles/CMakeTmp/CMAKE_TRY_COMPILE.build/Debug/cmTC_9de64.build/Objects-normal/x86_64/testCXXCompiler.dia -c /Users/john/Documents/code/advent-of-code-2020/day22/build/CMakeFiles/CMakeTmp/testCXXCompiler.cxx -o /Users/john/Documents/code/advent-of-code-2020/day22/build/CMakeFiles/CMakeTmp/CMAKE_TRY_COMPILE.build/Debug/cmTC_9de64.build/Objects-normal/x86_64/testCXXCompiler.o

Ld Debug/cmTC_9de64 normal x86_64
    cd /Users/john/Documents/code/advent-of-code-2020/day22/build/CMakeFiles/CMakeTmp
    /Applications/Xcode.app/Contents/Developer/Toolchains/XcodeDefault.xctoolchain/usr/bin/clang++ -target x86_64-apple-macos10.15 -isysroot /Applications/Xcode.app/Contents/Developer/Platforms/MacOSX.platform/Developer/SDKs/MacOSX10.15.sdk -L/Users/john/Documents/code/advent-of-code-2020/day22/build/CMakeFiles/CMakeTmp/Debug -F/Users/john/Documents/code/advent-of-code-2020/day22/build/CMakeFiles/CMakeTmp/Debug -filelist /Users/john/Documents/code/advent-of-code-2020/day22/build/CMakeFiles/CMakeTmp/CMAKE_TRY_COMPILE.build/Debug/cmTC_9de64.build/Objects-normal/x86_64/cmTC_9de64.LinkFileList -Xlinker -object_path_lto -Xlinker /Users/john/Documents/code/advent-of-code-2020/day22/build/CMakeFiles/CMakeTmp/CMAKE_TRY_COMPILE.build/Debug/cmTC_9de64.build/Objects-normal/x86_64/cmTC_9de64_lto.o -Xlinker -no_deduplicate -Wl,-search_paths_first -Wl,-headerpad_max_install_names -Xlinker -dependency_info -Xlinker /Users/john/Documents/code/advent-of-code-2020/day22/build/CMakeFiles/CMakeTmp/CMAKE_TRY_COMPILE.build/Debug/cmTC_9de64.build/Objects-normal/x86_64/cmTC_9de64_dependency_info.dat -o /Users/john/Documents/code/advent-of-code-2020/day22/build/CMakeFiles/CMakeTmp/Debug/cmTC_9de64

ProcessProductPackaging "" CMAKE_TRY_COMPILE.build/Debug/cmTC_9de64.build/cmTC_9de64.xcent
    cd /Users/john/Documents/code/advent-of-code-2020/day22/build/CMakeFiles/CMakeTmp
    

Entitlements:

{
    "com.apple.security.get-task-allow" = 1;
}


    builtin-productPackagingUtility -entitlements -format xml -o /Users/john/Documents/code/advent-of-code-2020/day22/build/CMakeFiles/CMakeTmp/CMAKE_TRY_COMPILE.build/Debug/cmTC_9de64.build/cmTC_9de64.xcent

CodeSign Debug/cmTC_9de64
    cd /Users/john/Documents/code/advent-of-code-2020/day22/build/CMakeFiles/CMakeTmp
    
Signing Identity:     "-"

    /usr/bin/codesign --force --sign - --entitlements /Users/john/Documents/code/advent-of-code-2020/day22/build/CMakeFiles/CMakeTmp/CMAKE_TRY_COMPILE.build/Debug/cmTC_9de64.build/cmTC_9de64.xcent --timestamp=none /Users/john/Documents/code/advent-of-code-2020/day22/build/CMakeFiles/CMakeTmp/Debug/cmTC_9de64

** BUILD SUCCEEDED **




Detecting CXX compiler ABI info compiled with the following output:
Change Dir: /Users/john/Documents/code/advent-of-code-2020/day22/build/CMakeFiles/CMakeTmp

Run Build Command(s):/usr/bin/xcodebuild -project CMAKE_TRY_COMPILE.xcodeproj build -target cmTC_ff078 -configuration Debug -hideShellScriptEnvironment && Command line invocation:
    /Applications/Xcode.app/Contents/Developer/usr/bin/xcodebuild -project CMAKE_TRY_COMPILE.xcodeproj build -target cmTC_ff078 -configuration Debug -hideShellScriptEnvironment

User defaults from command line:
    HideShellScriptEnvironment = YES

Prepare build
note: Using legacy build system
=== BUILD TARGET cmTC_ff078 OF PROJECT CMAKE_TRY_COMPILE WITH CONFIGURATION Debug ===

Check dependencies

Write auxiliary files
/bin/mkdir -p /Users/john/Documents/code/advent-of-code-2020/day22/build/CMakeFiles/CMakeTmp/CMAKE_TRY_COMPILE.build/Debug/cmTC_ff078.build/Objects-normal/x86_64
write-file /Users/john/Documents/code/advent-of-code-2020/day22/build/CMakeFiles/CMakeTmp/CMAKE_TRY_COMPILE.build/Debug/cmTC_ff078.build/Objects-normal/x86_64/cmTC_ff078.LinkFileList

CompileC CMAKE_TRY_COMPILE.build/Debug/cmTC_ff078.build/Objects-normal/x86_64/CMakeCXXCompilerABI.o /usr/local/Cellar/cmake/3.17.2/share/cmake/Modules/CMakeCXXCompilerABI.cpp normal x86_64 c++ com.apple.compilers.llvm.clang.1_0.compiler
    cd /Users/john/Documents/code/advent-of-code-2020/day22/build/CMakeFiles/CMakeTmp
    /Applications/Xcode.app/Contents/Developer/Toolchains/XcodeDefault.xctoolchain/usr/bin/clang -x c++ -target x86_64-apple-macos10.15 -fmessage-length=0 -fdiagnostics-show-note-include-stack -fmacro-backtrace-limit=0 -Wno-trigraphs -fpascal-strings -O0 -Wno-missing-field-initializers -Wno-missing-prototypes -Wno-return-type -Wno-non-virtual-dtor -Wno-overloaded-virtual -Wno-exit-time-destructors -Wno-missing-braces -Wparentheses -Wswitch -Wno-unused-function -Wno-unused-label -Wno-unused-parameter -Wno-unused-variable -Wunused-value -Wno-empty-body -Wno-uninitialized -Wno-unknown-pragmas -Wno-shadow -Wno-four-char-constants -Wno-conversion -Wno-constant-conversion -Wno-int-conversion -Wno-bool-conversion -Wno-enum-conversion -Wno-float-conversion -Wno-non-literal-null-conversion -Wno-objc-literal-conversion -Wno-shorten-64-to-32 -Wno-newline-eof -Wno-c++11-extensions -DCMAKE_INTDIR=\"Debug\" -isysroot /Applications/Xcode.app/Contents/Developer/Platforms/MacOSX.platform/Developer/SDKs/MacOSX10.15.sdk -fasm-blocks -fstrict-aliasing -Wdeprecated-declarations -Winvalid-offsetof -g -Wno-sign-conversion -Wno-infinite-recursion -Wno-move -Wno-comma -Wno-block-capture-autoreleasing -Wno-strict-prototypes -Wno-range-loop-analysis -Wno-semicolon-before-method-body -I/Users/john/Documents/code/advent-of-code-2020/day22/build/CMakeFiles/CMakeTmp/Debug/include -I/Users/john/Documents/code/advent-of-code-2020/day22/build/CMakeFiles/CMakeTmp/CMAKE_TRY_COMPILE.build/Debug/cmTC_ff078.build/DerivedSources-normal/x86_64 -I/Users/john/Documents/code/advent-of-code-2020/day22/build/CMakeFiles/CMakeTmp/CMAKE_TRY_COMPILE.build/Debug/cmTC_ff078.build/DerivedSources/x86_64 -I/Users/john/Documents/code/advent-of-code-2020/day22/build/CMakeFiles/CMakeTmp/CMAKE_TRY_COMPILE.build/Debug/cmTC_ff078.build/DerivedSources -F/Users/john/Documents/code/advent-of-code-2020/day22/build/CMakeFiles/CMakeTmp/Debug -v -Wl,-v -MMD -MT dependencies -MF /Users/john/Documents/code/advent-of-code-2020/day22/build/CMakeFiles/CMakeTmp/CMAKE_TRY_COMPILE.build/Debug/cmTC_ff078.build/Objects-normal/x86_64/CMakeCXXCompilerABI.d --serialize-diagnostics /Users/john/Documents/code/advent-of-code-2020/day22/build/CMakeFiles/CMakeTmp/CMAKE_TRY_COMPILE.build/Debug/cmTC_ff078.build/Objects-normal/x86_64/CMakeCXXCompilerABI.dia -c /usr/local/Cellar/cmake/3.17.2/share/cmake/Modules/CMakeCXXCompilerABI.cpp -o /Users/john/Documents/code/advent-of-code-2020/day22/build/CMakeFiles/CMakeTmp/CMAKE_TRY_COMPILE.build/Debug/cmTC_ff078.build/Objects-normal/x86_64/CMakeCXXCompilerABI.o
Apple clang version 11.0.3 (clang-1103.0.32.29)
Target: x86_64-apple-macos10.15
Thread model: posix
InstalledDir: /Applications/Xcode.app/Contents/Developer/Toolchains/XcodeDefault.xctoolchain/usr/bin
clang: warning: -Wl,-v: 'linker' input unused [-Wunused-command-line-argument]
 "/Applications/Xcode.app/Contents/Developer/Toolchains/XcodeDefault.xctoolchain/usr/bin/clang" -cc1 -triple x86_64-apple-macosx10.15.0 -Wdeprecated-objc-isa-usage -Werror=deprecated-objc-isa-usage -emit-obj -mrelax-all -disable-free -disable-llvm-verifier -discard-value-names -main-file-name CMakeCXXCompilerABI.cpp -mrelocation-model pic -pic-level 2 -mthread-model posix -mframe-pointer=all -fno-strict-return -masm-verbose -munwind-tables -target-sdk-version=10.15.4 -target-cpu penryn -dwarf-column-info -debug-info-kind=standalone -dwarf-version=4 -debugger-tuning=lldb -target-linker-version 556.5 -v -coverage-notes-file /Users/john/Documents/code/advent-of-code-2020/day22/build/CMakeFiles/CMakeTmp/CMAKE_TRY_COMPILE.build/Debug/cmTC_ff078.build/Objects-normal/x86_64/CMakeCXXCompilerABI.gcno -resource-dir /Applications/Xcode.app/Contents/Developer/Toolchains/XcodeDefault.xctoolchain/usr/lib/clang/11.0.3 -dependency-file /Users/john/Documents/code/advent-of-code-2020/day22/build/CMakeFiles/CMakeTmp/CMAKE_TRY_COMPILE.build/Debug/cmTC_ff078.build/Objects-normal/x86_64/CMakeCXXCompilerABI.d -skip-unused-modulemap-deps -MT dependencies -isysroot /Applications/Xcode.app/Contents/Developer/Platforms/MacOSX.platform/Developer/SDKs/MacOSX10.15.sdk -D "CMAKE_INTDIR=\"Debug\"" -I /Users/john/Documents/code/advent-of-code-2020/day22/build/CMakeFiles/CMakeTmp/Debug/include -I /Users/john/Documents/code/advent-of-code-2020/day22/build/CMakeFiles/CMakeTmp/CMAKE_TRY_COMPILE.build/Debug/cmTC_ff078.build/DerivedSources-normal/x86_64 -I /Users/john/Documents/code/advent-of-code-2020/day22/build/CMakeFiles/CMakeTmp/CMAKE_TRY_COMPILE.build/Debug/cmTC_ff078.build/DerivedSources/x86_64 -I /Users/john/Documents/code/advent-of-code-2020/day22/build/CMakeFiles/CMakeTmp/CMAKE_TRY_COMPILE.build/Debug/cmTC_ff078.build/DerivedSources -F/Users/john/Documents/code/advent-of-code-2020/day22/build/CMakeFiles/CMakeTmp/Debug -I/usr/local/Cellar/tesseract/4.1.1/include -I. -stdlib=libc++ -internal-isystem /Applications/Xcode.app/Contents/Developer/Toolchains/XcodeDefault.xctoolchain/usr/bin/../include/c++/v1 -internal-isystem /Applications/Xcode.app/Contents/Developer/Platforms/MacOSX.platform/Developer/SDKs/MacOSX10.15.sdk/usr/include/c++/v1 -internal-isystem /Applications/Xcode.app/Contents/Developer/Platforms/MacOSX.platform/Developer/SDKs/MacOSX10.15.sdk/usr/local/include -internal-isystem /Applications/Xcode.app/Contents/Developer/Toolchains/XcodeDefault.xctoolchain/usr/lib/clang/11.0.3/include -internal-externc-isystem /Applications/Xcode.app/Contents/Developer/Platforms/MacOSX.platform/Developer/SDKs/MacOSX10.15.sdk/usr/include -internal-externc-isystem /Applications/Xcode.app/Contents/Developer/Toolchains/XcodeDefault.xctoolchain/usr/include -O0 -Wno-trigraphs -Wno-missing-field-initializers -Wno-missing-prototypes -Wno-return-type -Wno-non-virtual-dtor -Wno-overloaded-virtual -Wno-exit-time-destructors -Wno-missing-braces -Wparentheses -Wswitch -Wno-unused-function -Wno-unused-label -Wno-unused-parameter -Wno-unused-variable -Wunused-value -Wno-empty-body -Wno-uninitialized -Wno-unknown-pragmas -Wno-shadow -Wno-four-char-constants -Wno-conversion -Wno-constant-conversion -Wno-int-conversion -Wno-bool-conversion -Wno-enum-conversion -Wno-float-conversion -Wno-non-literal-null-conversion -Wno-objc-literal-conversion -Wno-shorten-64-to-32 -Wno-newline-eof -Wno-c++11-extensions -Wdeprecated-declarations -Winvalid-offsetof -Wno-sign-conversion -Wno-infinite-recursion -Wno-move -Wno-comma -Wno-block-capture-autoreleasing -Wno-strict-prototypes -Wno-range-loop-analysis -Wno-semicolon-before-method-body -Wno-objc-signed-char-bool-implicit-int-conversion -Wno-extra-semi-stmt -Wno-quoted-include-in-framework-header -fdeprecated-macro -fdebug-compilation-dir /Users/john/Documents/code/advent-of-code-2020/day22/build/CMakeFiles/CMakeTmp -ferror-limit 19 -fmacro-backtrace-limit 0 -fmessage-length 0 -stack-protector 1 -fstack-check -mdarwin-stkchk-strong-link -fblocks -fencode-extended-block-signature -fregister-global-dtors-with-atexit -fobjc-runtime=macosx-10.15.0 -fcxx-exceptions -fexceptions -fpascal-strings -fmax-type-align=16 -fdiagnostics-show-option -fdiagnostics-show-note-include-stack -fasm-blocks -serialize-diagnostic-file /Users/john/Documents/code/advent-of-code-2020/day22/build/CMakeFiles/CMakeTmp/CMAKE_TRY_COMPILE.build/Debug/cmTC_ff078.build/Objects-normal/x86_64/CMakeCXXCompilerABI.dia -o /Users/john/Documents/code/advent-of-code-2020/day22/build/CMakeFiles/CMakeTmp/CMAKE_TRY_COMPILE.build/Debug/cmTC_ff078.build/Objects-normal/x86_64/CMakeCXXCompilerABI.o -x c++ /usr/local/Cellar/cmake/3.17.2/share/cmake/Modules/CMakeCXXCompilerABI.cpp
clang -cc1 version 11.0.3 (clang-1103.0.32.29) default target x86_64-apple-darwin19.6.0
ignoring nonexistent directory "/Users/john/Documents/code/advent-of-code-2020/day22/build/CMakeFiles/CMakeTmp/Debug/include"
ignoring nonexistent directory "/Users/john/Documents/code/advent-of-code-2020/day22/build/CMakeFiles/CMakeTmp/CMAKE_TRY_COMPILE.build/Debug/cmTC_ff078.build/DerivedSources-normal/x86_64"
ignoring nonexistent directory "/Users/john/Documents/code/advent-of-code-2020/day22/build/CMakeFiles/CMakeTmp/CMAKE_TRY_COMPILE.build/Debug/cmTC_ff078.build/DerivedSources/x86_64"
ignoring nonexistent directory "/Users/john/Documents/code/advent-of-code-2020/day22/build/CMakeFiles/CMakeTmp/CMAKE_TRY_COMPILE.build/Debug/cmTC_ff078.build/DerivedSources"
ignoring nonexistent directory "/Users/john/Documents/code/advent-of-code-2020/day22/build/CMakeFiles/CMakeTmp/Debug"
ignoring nonexistent directory "/Applications/Xcode.app/Contents/Developer/Platforms/MacOSX.platform/Developer/SDKs/MacOSX10.15.sdk/usr/include/c++/v1"
ignoring nonexistent directory "/Applications/Xcode.app/Contents/Developer/Platforms/MacOSX.platform/Developer/SDKs/MacOSX10.15.sdk/usr/local/include"
ignoring nonexistent directory "/Applications/Xcode.app/Contents/Developer/Platforms/MacOSX.platform/Developer/SDKs/MacOSX10.15.sdk/Library/Frameworks"
#include "..." search starts here:
#include <...> search starts here:
 /usr/local/Cellar/tesseract/4.1.1/include
 .
 /Applications/Xcode.app/Contents/Developer/Toolchains/XcodeDefault.xctoolchain/usr/bin/../include/c++/v1
 /Applications/Xcode.app/Contents/Developer/Toolchains/XcodeDefault.xctoolchain/usr/lib/clang/11.0.3/include
 /Applications/Xcode.app/Contents/Developer/Platforms/MacOSX.platform/Developer/SDKs/MacOSX10.15.sdk/usr/include
 /Applications/Xcode.app/Contents/Developer/Toolchains/XcodeDefault.xctoolchain/usr/include
 /Applications/Xcode.app/Contents/Developer/Platforms/MacOSX.platform/Developer/SDKs/MacOSX10.15.sdk/System/Library/Frameworks (framework directory)
End of search list.

Ld Debug/cmTC_ff078 normal x86_64
    cd /Users/john/Documents/code/advent-of-code-2020/day22/build/CMakeFiles/CMakeTmp
    /Applications/Xcode.app/Contents/Developer/Toolchains/XcodeDefault.xctoolchain/usr/bin/clang++ -target x86_64-apple-macos10.15 -isysroot /Applications/Xcode.app/Contents/Developer/Platforms/MacOSX.platform/Developer/SDKs/MacOSX10.15.sdk -L/Users/john/Documents/code/advent-of-code-2020/day22/build/CMakeFiles/CMakeTmp/Debug -F/Users/john/Documents/code/advent-of-code-2020/day22/build/CMakeFiles/CMakeTmp/Debug -filelist /Users/john/Documents/code/advent-of-code-2020/day22/build/CMakeFiles/CMakeTmp/CMAKE_TRY_COMPILE.build/Debug/cmTC_ff078.build/Objects-normal/x86_64/cmTC_ff078.LinkFileList -Xlinker -object_path_lto -Xlinker /Users/john/Documents/code/advent-of-code-2020/day22/build/CMakeFiles/CMakeTmp/CMAKE_TRY_COMPILE.build/Debug/cmTC_ff078.build/Objects-normal/x86_64/cmTC_ff078_lto.o -Xlinker -no_deduplicate -v -Wl,-v -Wl,-search_paths_first -Wl,-headerpad_max_install_names -Xlinker -dependency_info -Xlinker /Users/john/Documents/code/advent-of-code-2020/day22/build/CMakeFiles/CMakeTmp/CMAKE_TRY_COMPILE.build/Debug/cmTC_ff078.build/Objects-normal/x86_64/cmTC_ff078_dependency_info.dat -o /Users/john/Documents/code/advent-of-code-2020/day22/build/CMakeFiles/CMakeTmp/Debug/cmTC_ff078
Apple clang version 11.0.3 (clang-1103.0.32.29)
Target: x86_64-apple-macos10.15
Thread model: posix
InstalledDir: /Applications/Xcode.app/Contents/Developer/Toolchains/XcodeDefault.xctoolchain/usr/bin
 "/Applications/Xcode.app/Contents/Developer/Toolchains/XcodeDefault.xctoolchain/usr/bin/ld" -demangle -lto_library /Applications/Xcode.app/Contents/Developer/Toolchains/XcodeDefault.xctoolchain/usr/lib/libLTO.dylib -dynamic -arch x86_64 -platform_version macos 10.15.0 10.15.4 -syslibroot /Applications/Xcode.app/Contents/Developer/Platforms/MacOSX.platform/Developer/SDKs/MacOSX10.15.sdk -o /Users/john/Documents/code/advent-of-code-2020/day22/build/CMakeFiles/CMakeTmp/Debug/cmTC_ff078 -L/Users/john/Documents/code/advent-of-code-2020/day22/build/CMakeFiles/CMakeTmp/Debug -filelist /Users/john/Documents/code/advent-of-code-2020/day22/build/CMakeFiles/CMakeTmp/CMAKE_TRY_COMPILE.build/Debug/cmTC_ff078.build/Objects-normal/x86_64/cmTC_ff078.LinkFileList -object_path_lto /Users/john/Documents/code/advent-of-code-2020/day22/build/CMakeFiles/CMakeTmp/CMAKE_TRY_COMPILE.build/Debug/cmTC_ff078.build/Objects-normal/x86_64/cmTC_ff078_lto.o -no_deduplicate -v -search_paths_first -headerpad_max_install_names -dependency_info /Users/john/Documents/code/advent-of-code-2020/day22/build/CMakeFiles/CMakeTmp/CMAKE_TRY_COMPILE.build/Debug/cmTC_ff078.build/Objects-normal/x86_64/cmTC_ff078_dependency_info.dat -lc++ -lSystem /Applications/Xcode.app/Contents/Developer/Toolchains/XcodeDefault.xctoolchain/usr/lib/clang/11.0.3/lib/darwin/libclang_rt.osx.a -F/Users/john/Documents/code/advent-of-code-2020/day22/build/CMakeFiles/CMakeTmp/Debug
@(#)PROGRAM:ld  PROJECT:ld64-556.5
BUILD 19:04:29 Mar  6 2020
configured to support archs: armv6 armv7 armv7s arm64 arm64e arm64_32 i386 x86_64 x86_64h armv6m armv7k armv7m armv7em
Library search paths:
	/Users/john/Documents/code/advent-of-code-2020/day22/build/CMakeFiles/CMakeTmp/Debug
	/Applications/Xcode.app/Contents/Developer/Platforms/MacOSX.platform/Developer/SDKs/MacOSX10.15.sdk/usr/lib
Framework search paths:
	/Users/john/Documents/code/advent-of-code-2020/day22/build/CMakeFiles/CMakeTmp/Debug
	/Applications/Xcode.app/Contents/Developer/Platforms/MacOSX.platform/Developer/SDKs/MacOSX10.15.sdk/System/Library/Frameworks/

ProcessProductPackaging "" CMAKE_TRY_COMPILE.build/Debug/cmTC_ff078.build/cmTC_ff078.xcent
    cd /Users/john/Documents/code/advent-of-code-2020/day22/build/CMakeFiles/CMakeTmp
    

Entitlements:

{
    "com.apple.security.get-task-allow" = 1;
}


    builtin-productPackagingUtility -entitlements -format xml -o /Users/john/Documents/code/advent-of-code-2020/day22/build/CMakeFiles/CMakeTmp/CMAKE_TRY_COMPILE.build/Debug/cmTC_ff078.build/cmTC_ff078.xcent

CodeSign Debug/cmTC_ff078
    cd /Users/john/Documents/code/advent-of-code-2020/day22/build/CMakeFiles/CMakeTmp
    
Signing Identity:     "-"

    /usr/bin/codesign --force --sign - --entitlements /Users/john/Documents/code/advent-of-code-2020/day22/build/CMakeFiles/CMakeTmp/CMAKE_TRY_COMPILE.build/Debug/cmTC_ff078.build/cmTC_ff078.xcent --timestamp=none /Users/john/Documents/code/advent-of-code-2020/day22/build/CMakeFiles/CMakeTmp/Debug/cmTC_ff078

** BUILD SUCCEEDED **




Parsed CXX implicit include dir info from above output: rv=done
  found start of include info
  found start of implicit include info
    add: [/usr/local/Cellar/tesseract/4.1.1/include]
    add: [.]
    add: [/Applications/Xcode.app/Contents/Developer/Toolchains/XcodeDefault.xctoolchain/usr/bin/../include/c++/v1]
    add: [/Applications/Xcode.app/Contents/Developer/Toolchains/XcodeDefault.xctoolchain/usr/lib/clang/11.0.3/include]
    add: [/Applications/Xcode.app/Contents/Developer/Platforms/MacOSX.platform/Developer/SDKs/MacOSX10.15.sdk/usr/include]
    add: [/Applications/Xcode.app/Contents/Developer/Toolchains/XcodeDefault.xctoolchain/usr/include]
  end of search list found
  collapse include dir [/usr/local/Cellar/tesseract/4.1.1/include] ==> [/usr/local/Cellar/tesseract/4.1.1/include]
  skipping relative include dir [.]
  collapse include dir [/Applications/Xcode.app/Contents/Developer/Toolchains/XcodeDefault.xctoolchain/usr/bin/../include/c++/v1] ==> [/Applications/Xcode.app/Contents/Developer/Toolchains/XcodeDefault.xctoolchain/usr/include/c++/v1]
  collapse include dir [/Applications/Xcode.app/Contents/Developer/Toolchains/XcodeDefault.xctoolchain/usr/lib/clang/11.0.3/include] ==> [/Applications/Xcode.app/Contents/Developer/Toolchains/XcodeDefault.xctoolchain/usr/lib/clang/11.0.3/include]
  collapse include dir [/Applications/Xcode.app/Contents/Developer/Platforms/MacOSX.platform/Developer/SDKs/MacOSX10.15.sdk/usr/include] ==> [/Applications/Xcode.app/Contents/Developer/Platforms/MacOSX.platform/Developer/SDKs/MacOSX10.15.sdk/usr/include]
  collapse include dir [/Applications/Xcode.app/Contents/Developer/Toolchains/XcodeDefault.xctoolchain/usr/include] ==> [/Applications/Xcode.app/Contents/Developer/Toolchains/XcodeDefault.xctoolchain/usr/include]
  implicit include dirs: [/usr/local/Cellar/tesseract/4.1.1/include;/Applications/Xcode.app/Contents/Developer/Toolchains/XcodeDefault.xctoolchain/usr/include/c++/v1;/Applications/Xcode.app/Contents/Developer/Toolchains/XcodeDefault.xctoolchain/usr/lib/clang/11.0.3/include;/Applications/Xcode.app/Contents/Developer/Platforms/MacOSX.platform/Developer/SDKs/MacOSX10.15.sdk/usr/include;/Applications/Xcode.app/Contents/Developer/Toolchains/XcodeDefault.xctoolchain/usr/include]


Parsed CXX implicit link information from above output:
  link line regex: [^( *|.*[/\])(ld|CMAKE_LINK_STARTFILE-NOTFOUND|([^/\]+-)?ld|collect2)[^/\]*( |$)]
  ignore line: [Change Dir: /Users/john/Documents/code/advent-of-code-2020/day22/build/CMakeFiles/CMakeTmp]
  ignore line: []
  ignore line: [Run Build Command(s):/usr/bin/xcodebuild -project CMAKE_TRY_COMPILE.xcodeproj build -target cmTC_ff078 -configuration Debug -hideShellScriptEnvironment && Command line invocation:]
  ignore line: [    /Applications/Xcode.app/Contents/Developer/usr/bin/xcodebuild -project CMAKE_TRY_COMPILE.xcodeproj build -target cmTC_ff078 -configuration Debug -hideShellScriptEnvironment]
  ignore line: []
  ignore line: [User defaults from command line:]
  ignore line: [    HideShellScriptEnvironment = YES]
  ignore line: []
  ignore line: [Prepare build]
  ignore line: [note: Using legacy build system]
  ignore line: [=== BUILD TARGET cmTC_ff078 OF PROJECT CMAKE_TRY_COMPILE WITH CONFIGURATION Debug ===]
  ignore line: []
  ignore line: [Check dependencies]
  ignore line: []
  ignore line: [Write auxiliary files]
  ignore line: [/bin/mkdir -p /Users/john/Documents/code/advent-of-code-2020/day22/build/CMakeFiles/CMakeTmp/CMAKE_TRY_COMPILE.build/Debug/cmTC_ff078.build/Objects-normal/x86_64]
  ignore line: [write-file /Users/john/Documents/code/advent-of-code-2020/day22/build/CMakeFiles/CMakeTmp/CMAKE_TRY_COMPILE.build/Debug/cmTC_ff078.build/Objects-normal/x86_64/cmTC_ff078.LinkFileList]
  ignore line: []
  ignore line: [CompileC CMAKE_TRY_COMPILE.build/Debug/cmTC_ff078.build/Objects-normal/x86_64/CMakeCXXCompilerABI.o /usr/local/Cellar/cmake/3.17.2/share/cmake/Modules/CMakeCXXCompilerABI.cpp normal x86_64 c++ com.apple.compilers.llvm.clang.1_0.compiler]
  ignore line: [    cd /Users/john/Documents/code/advent-of-code-2020/day22/build/CMakeFiles/CMakeTmp]
  ignore line: [    /Applications/Xcode.app/Contents/Developer/Toolchains/XcodeDefault.xctoolchain/usr/bin/clang -x c++ -target x86_64-apple-macos10.15 -fmessage-length=0 -fdiagnostics-show-note-include-stack -fmacro-backtrace-limit=0 -Wno-trigraphs -fpascal-strings -O0 -Wno-missing-field-initializers -Wno-missing-prototypes -Wno-return-type -Wno-non-virtual-dtor -Wno-overloaded-virtual -Wno-exit-time-destructors -Wno-missing-braces -Wparentheses -Wswitch -Wno-unused-function -Wno-unused-label -Wno-unused-parameter -Wno-unused-variable -Wunused-value -Wno-empty-body -Wno-uninitialized -Wno-unknown-pragmas -Wno-shadow -Wno-four-char-constants -Wno-conversion -Wno-constant-conversion -Wno-int-conversion -Wno-bool-conversion -Wno-enum-conversion -Wno-float-conversion -Wno-non-literal-null-conversion -Wno-objc-literal-conversion -Wno-shorten-64-to-32 -Wno-newline-eof -Wno-c++11-extensions -DCMAKE_INTDIR=\"Debug\" -isysroot /Applications/Xcode.app/Contents/Developer/Platforms/MacOSX.platform/Developer/SDKs/MacOSX10.15.sdk -fasm-blocks -fstrict-aliasing -Wdeprecated-declarations -Winvalid-offsetof -g -Wno-sign-conversion -Wno-infinite-recursion -Wno-move -Wno-comma -Wno-block-capture-autoreleasing -Wno-strict-prototypes -Wno-range-loop-analysis -Wno-semicolon-before-method-body -I/Users/john/Documents/code/advent-of-code-2020/day22/build/CMakeFiles/CMakeTmp/Debug/include -I/Users/john/Documents/code/advent-of-code-2020/day22/build/CMakeFiles/CMakeTmp/CMAKE_TRY_COMPILE.build/Debug/cmTC_ff078.build/DerivedSources-normal/x86_64 -I/Users/john/Documents/code/advent-of-code-2020/day22/build/CMakeFiles/CMakeTmp/CMAKE_TRY_COMPILE.build/Debug/cmTC_ff078.build/DerivedSources/x86_64 -I/Users/john/Documents/code/advent-of-code-2020/day22/build/CMakeFiles/CMakeTmp/CMAKE_TRY_COMPILE.build/Debug/cmTC_ff078.build/DerivedSources -F/Users/john/Documents/code/advent-of-code-2020/day22/build/CMakeFiles/CMakeTmp/Debug -v -Wl -v -MMD -MT dependencies -MF /Users/john/Documents/code/advent-of-code-2020/day22/build/CMakeFiles/CMakeTmp/CMAKE_TRY_COMPILE.build/Debug/cmTC_ff078.build/Objects-normal/x86_64/CMakeCXXCompilerABI.d --serialize-diagnostics /Users/john/Documents/code/advent-of-code-2020/day22/build/CMakeFiles/CMakeTmp/CMAKE_TRY_COMPILE.build/Debug/cmTC_ff078.build/Objects-normal/x86_64/CMakeCXXCompilerABI.dia -c /usr/local/Cellar/cmake/3.17.2/share/cmake/Modules/CMakeCXXCompilerABI.cpp -o /Users/john/Documents/code/advent-of-code-2020/day22/build/CMakeFiles/CMakeTmp/CMAKE_TRY_COMPILE.build/Debug/cmTC_ff078.build/Objects-normal/x86_64/CMakeCXXCompilerABI.o]
  ignore line: [Apple clang version 11.0.3 (clang-1103.0.32.29)]
  ignore line: [Target: x86_64-apple-macos10.15]
  ignore line: [Thread model: posix]
  ignore line: [InstalledDir: /Applications/Xcode.app/Contents/Developer/Toolchains/XcodeDefault.xctoolchain/usr/bin]
  ignore line: [clang: warning: -Wl -v: 'linker' input unused [-Wunused-command-line-argument]]
  ignore line: [ "/Applications/Xcode.app/Contents/Developer/Toolchains/XcodeDefault.xctoolchain/usr/bin/clang" -cc1 -triple x86_64-apple-macosx10.15.0 -Wdeprecated-objc-isa-usage -Werror=deprecated-objc-isa-usage -emit-obj -mrelax-all -disable-free -disable-llvm-verifier -discard-value-names -main-file-name CMakeCXXCompilerABI.cpp -mrelocation-model pic -pic-level 2 -mthread-model posix -mframe-pointer=all -fno-strict-return -masm-verbose -munwind-tables -target-sdk-version=10.15.4 -target-cpu penryn -dwarf-column-info -debug-info-kind=standalone -dwarf-version=4 -debugger-tuning=lldb -target-linker-version 556.5 -v -coverage-notes-file /Users/john/Documents/code/advent-of-code-2020/day22/build/CMakeFiles/CMakeTmp/CMAKE_TRY_COMPILE.build/Debug/cmTC_ff078.build/Objects-normal/x86_64/CMakeCXXCompilerABI.gcno -resource-dir /Applications/Xcode.app/Contents/Developer/Toolchains/XcodeDefault.xctoolchain/usr/lib/clang/11.0.3 -dependency-file /Users/john/Documents/code/advent-of-code-2020/day22/build/CMakeFiles/CMakeTmp/CMAKE_TRY_COMPILE.build/Debug/cmTC_ff078.build/Objects-normal/x86_64/CMakeCXXCompilerABI.d -skip-unused-modulemap-deps -MT dependencies -isysroot /Applications/Xcode.app/Contents/Developer/Platforms/MacOSX.platform/Developer/SDKs/MacOSX10.15.sdk -D "CMAKE_INTDIR=\"Debug\"" -I /Users/john/Documents/code/advent-of-code-2020/day22/build/CMakeFiles/CMakeTmp/Debug/include -I /Users/john/Documents/code/advent-of-code-2020/day22/build/CMakeFiles/CMakeTmp/CMAKE_TRY_COMPILE.build/Debug/cmTC_ff078.build/DerivedSources-normal/x86_64 -I /Users/john/Documents/code/advent-of-code-2020/day22/build/CMakeFiles/CMakeTmp/CMAKE_TRY_COMPILE.build/Debug/cmTC_ff078.build/DerivedSources/x86_64 -I /Users/john/Documents/code/advent-of-code-2020/day22/build/CMakeFiles/CMakeTmp/CMAKE_TRY_COMPILE.build/Debug/cmTC_ff078.build/DerivedSources -F/Users/john/Documents/code/advent-of-code-2020/day22/build/CMakeFiles/CMakeTmp/Debug -I/usr/local/Cellar/tesseract/4.1.1/include -I. -stdlib=libc++ -internal-isystem /Applications/Xcode.app/Contents/Developer/Toolchains/XcodeDefault.xctoolchain/usr/bin/../include/c++/v1 -internal-isystem /Applications/Xcode.app/Contents/Developer/Platforms/MacOSX.platform/Developer/SDKs/MacOSX10.15.sdk/usr/include/c++/v1 -internal-isystem /Applications/Xcode.app/Contents/Developer/Platforms/MacOSX.platform/Developer/SDKs/MacOSX10.15.sdk/usr/local/include -internal-isystem /Applications/Xcode.app/Contents/Developer/Toolchains/XcodeDefault.xctoolchain/usr/lib/clang/11.0.3/include -internal-externc-isystem /Applications/Xcode.app/Contents/Developer/Platforms/MacOSX.platform/Developer/SDKs/MacOSX10.15.sdk/usr/include -internal-externc-isystem /Applications/Xcode.app/Contents/Developer/Toolchains/XcodeDefault.xctoolchain/usr/include -O0 -Wno-trigraphs -Wno-missing-field-initializers -Wno-missing-prototypes -Wno-return-type -Wno-non-virtual-dtor -Wno-overloaded-virtual -Wno-exit-time-destructors -Wno-missing-braces -Wparentheses -Wswitch -Wno-unused-function -Wno-unused-label -Wno-unused-parameter -Wno-unused-variable -Wunused-value -Wno-empty-body -Wno-uninitialized -Wno-unknown-pragmas -Wno-shadow -Wno-four-char-constants -Wno-conversion -Wno-constant-conversion -Wno-int-conversion -Wno-bool-conversion -Wno-enum-conversion -Wno-float-conversion -Wno-non-literal-null-conversion -Wno-objc-literal-conversion -Wno-shorten-64-to-32 -Wno-newline-eof -Wno-c++11-extensions -Wdeprecated-declarations -Winvalid-offsetof -Wno-sign-conversion -Wno-infinite-recursion -Wno-move -Wno-comma -Wno-block-capture-autoreleasing -Wno-strict-prototypes -Wno-range-loop-analysis -Wno-semicolon-before-method-body -Wno-objc-signed-char-bool-implicit-int-conversion -Wno-extra-semi-stmt -Wno-quoted-include-in-framework-header -fdeprecated-macro -fdebug-compilation-dir /Users/john/Documents/code/advent-of-code-2020/day22/build/CMakeFiles/CMakeTmp -ferror-limit 19 -fmacro-backtrace-limit 0 -fmessage-length 0 -stack-protector 1 -fstack-check -mdarwin-stkchk-strong-link -fblocks -fencode-extended-block-signature -fregister-global-dtors-with-atexit -fobjc-runtime=macosx-10.15.0 -fcxx-exceptions -fexceptions -fpascal-strings -fmax-type-align=16 -fdiagnostics-show-option -fdiagnostics-show-note-include-stack -fasm-blocks -serialize-diagnostic-file /Users/john/Documents/code/advent-of-code-2020/day22/build/CMakeFiles/CMakeTmp/CMAKE_TRY_COMPILE.build/Debug/cmTC_ff078.build/Objects-normal/x86_64/CMakeCXXCompilerABI.dia -o /Users/john/Documents/code/advent-of-code-2020/day22/build/CMakeFiles/CMakeTmp/CMAKE_TRY_COMPILE.build/Debug/cmTC_ff078.build/Objects-normal/x86_64/CMakeCXXCompilerABI.o -x c++ /usr/local/Cellar/cmake/3.17.2/share/cmake/Modules/CMakeCXXCompilerABI.cpp]
  ignore line: [clang -cc1 version 11.0.3 (clang-1103.0.32.29) default target x86_64-apple-darwin19.6.0]
  ignore line: [ignoring nonexistent directory "/Users/john/Documents/code/advent-of-code-2020/day22/build/CMakeFiles/CMakeTmp/Debug/include"]
  ignore line: [ignoring nonexistent directory "/Users/john/Documents/code/advent-of-code-2020/day22/build/CMakeFiles/CMakeTmp/CMAKE_TRY_COMPILE.build/Debug/cmTC_ff078.build/DerivedSources-normal/x86_64"]
  ignore line: [ignoring nonexistent directory "/Users/john/Documents/code/advent-of-code-2020/day22/build/CMakeFiles/CMakeTmp/CMAKE_TRY_COMPILE.build/Debug/cmTC_ff078.build/DerivedSources/x86_64"]
  ignore line: [ignoring nonexistent directory "/Users/john/Documents/code/advent-of-code-2020/day22/build/CMakeFiles/CMakeTmp/CMAKE_TRY_COMPILE.build/Debug/cmTC_ff078.build/DerivedSources"]
  ignore line: [ignoring nonexistent directory "/Users/john/Documents/code/advent-of-code-2020/day22/build/CMakeFiles/CMakeTmp/Debug"]
  ignore line: [ignoring nonexistent directory "/Applications/Xcode.app/Contents/Developer/Platforms/MacOSX.platform/Developer/SDKs/MacOSX10.15.sdk/usr/include/c++/v1"]
  ignore line: [ignoring nonexistent directory "/Applications/Xcode.app/Contents/Developer/Platforms/MacOSX.platform/Developer/SDKs/MacOSX10.15.sdk/usr/local/include"]
  ignore line: [ignoring nonexistent directory "/Applications/Xcode.app/Contents/Developer/Platforms/MacOSX.platform/Developer/SDKs/MacOSX10.15.sdk/Library/Frameworks"]
  ignore line: [#include "..." search starts here:]
  ignore line: [#include <...> search starts here:]
  ignore line: [ /usr/local/Cellar/tesseract/4.1.1/include]
  ignore line: [ .]
  ignore line: [ /Applications/Xcode.app/Contents/Developer/Toolchains/XcodeDefault.xctoolchain/usr/bin/../include/c++/v1]
  ignore line: [ /Applications/Xcode.app/Contents/Developer/Toolchains/XcodeDefault.xctoolchain/usr/lib/clang/11.0.3/include]
  ignore line: [ /Applications/Xcode.app/Contents/Developer/Platforms/MacOSX.platform/Developer/SDKs/MacOSX10.15.sdk/usr/include]
  ignore line: [ /Applications/Xcode.app/Contents/Developer/Toolchains/XcodeDefault.xctoolchain/usr/include]
  ignore line: [ /Applications/Xcode.app/Contents/Developer/Platforms/MacOSX.platform/Developer/SDKs/MacOSX10.15.sdk/System/Library/Frameworks (framework directory)]
  ignore line: [End of search list.]
  ignore line: []
  ignore line: [Ld Debug/cmTC_ff078 normal x86_64]
  ignore line: [    cd /Users/john/Documents/code/advent-of-code-2020/day22/build/CMakeFiles/CMakeTmp]
  ignore line: [    /Applications/Xcode.app/Contents/Developer/Toolchains/XcodeDefault.xctoolchain/usr/bin/clang++ -target x86_64-apple-macos10.15 -isysroot /Applications/Xcode.app/Contents/Developer/Platforms/MacOSX.platform/Developer/SDKs/MacOSX10.15.sdk -L/Users/john/Documents/code/advent-of-code-2020/day22/build/CMakeFiles/CMakeTmp/Debug -F/Users/john/Documents/code/advent-of-code-2020/day22/build/CMakeFiles/CMakeTmp/Debug -filelist /Users/john/Documents/code/advent-of-code-2020/day22/build/CMakeFiles/CMakeTmp/CMAKE_TRY_COMPILE.build/Debug/cmTC_ff078.build/Objects-normal/x86_64/cmTC_ff078.LinkFileList -Xlinker -object_path_lto -Xlinker /Users/john/Documents/code/advent-of-code-2020/day22/build/CMakeFiles/CMakeTmp/CMAKE_TRY_COMPILE.build/Debug/cmTC_ff078.build/Objects-normal/x86_64/cmTC_ff078_lto.o -Xlinker -no_deduplicate -v -Wl -v -Wl -search_paths_first -Wl -headerpad_max_install_names -Xlinker -dependency_info -Xlinker /Users/john/Documents/code/advent-of-code-2020/day22/build/CMakeFiles/CMakeTmp/CMAKE_TRY_COMPILE.build/Debug/cmTC_ff078.build/Objects-normal/x86_64/cmTC_ff078_dependency_info.dat -o /Users/john/Documents/code/advent-of-code-2020/day22/build/CMakeFiles/CMakeTmp/Debug/cmTC_ff078]
  ignore line: [Apple clang version 11.0.3 (clang-1103.0.32.29)]
  ignore line: [Target: x86_64-apple-macos10.15]
  ignore line: [Thread model: posix]
  ignore line: [InstalledDir: /Applications/Xcode.app/Contents/Developer/Toolchains/XcodeDefault.xctoolchain/usr/bin]
  reduced line: [ "/Applications/Xcode.app/Contents/Developer/Toolchains/XcodeDefault.xctoolchain/usr/bin/ld" -demangle -lto_library /Applications/Xcode.app/Contents/Developer/Toolchains/XcodeDefault.xctoolchain/usr/lib/libLTO.dylib -dynamic -arch x86_64 -platform_version macos 10.15.0 10.15.4 -syslibroot /Applications/Xcode.app/Contents/Developer/Platforms/MacOSX.platform/Developer/SDKs/MacOSX10.15.sdk -o /Users/john/Documents/code/advent-of-code-2020/day22/build/CMakeFiles/CMakeTmp/Debug/cmTC_ff078 -L/Users/john/Documents/code/advent-of-code-2020/day22/build/CMakeFiles/CMakeTmp/Debug -filelist /Users/john/Documents/code/advent-of-code-2020/day22/build/CMakeFiles/CMakeTmp/CMAKE_TRY_COMPILE.build/Debug/cmTC_ff078.build/Objects-normal/x86_64/cmTC_ff078.LinkFileList -object_path_lto /Users/john/Documents/code/advent-of-code-2020/day22/build/CMakeFiles/CMakeTmp/CMAKE_TRY_COMPILE.build/Debug/cmTC_ff078.build/Objects-normal/x86_64/cmTC_ff078_lto.o -no_deduplicate -v -search_paths_first -headerpad_max_install_names -dependency_info /Users/john/Documents/code/advent-of-code-2020/day22/build/CMakeFiles/CMakeTmp/CMAKE_TRY_COMPILE.build/Debug/cmTC_ff078.build/Objects-normal/x86_64/cmTC_ff078_dependency_info.dat -lc++ -lSystem /Applications/Xcode.app/Contents/Developer/Toolchains/XcodeDefault.xctoolchain/usr/lib/clang/11.0.3/lib/darwin/libclang_rt.osx.a -F/Users/john/Documents/code/advent-of-code-2020/day22/build/CMakeFiles/CMakeTmp/Debug]
            to: [ "/Applications/Xcode.app/Contents/Developer/Toolchains/XcodeDefault.xctoolchain/usr/bin/ld" -demangle -lto_library /Applications/Xcode.app/Contents/Developer/Toolchains/XcodeDefault.xctoolchain/usr/lib/libLTO.dylib -dynamic -arch x86_64 -platform_version macos 10.15.0 10.15.4 -syslibroot /Applications/Xcode.app/Contents/Developer/Platforms/MacOSX.platform/Developer/SDKs/MacOSX10.15.sdk -o /Users/john/Documents/code/advent-of-code-2020/day22/build/CMakeFiles/CMakeTmp/Debug/cmTC_ff078 -filelist /Users/john/Documents/code/advent-of-code-2020/day22/build/CMakeFiles/CMakeTmp/CMAKE_TRY_COMPILE.build/Debug/cmTC_ff078.build/Objects-normal/x86_64/cmTC_ff078.LinkFileList -object_path_lto /Users/john/Documents/code/advent-of-code-2020/day22/build/CMakeFiles/CMakeTmp/CMAKE_TRY_COMPILE.build/Debug/cmTC_ff078.build/Objects-normal/x86_64/cmTC_ff078_lto.o -no_deduplicate -v -search_paths_first -headerpad_max_install_names -dependency_info /Users/john/Documents/code/advent-of-code-2020/day22/build/CMakeFiles/CMakeTmp/CMAKE_TRY_COMPILE.build/Debug/cmTC_ff078.build/Objects-normal/x86_64/cmTC_ff078_dependency_info.dat -lc++ -lSystem /Applications/Xcode.app/Contents/Developer/Toolchains/XcodeDefault.xctoolchain/usr/lib/clang/11.0.3/lib/darwin/libclang_rt.osx.a ]
  link line: [ "/Applications/Xcode.app/Contents/Developer/Toolchains/XcodeDefault.xctoolchain/usr/bin/ld" -demangle -lto_library /Applications/Xcode.app/Contents/Developer/Toolchains/XcodeDefault.xctoolchain/usr/lib/libLTO.dylib -dynamic -arch x86_64 -platform_version macos 10.15.0 10.15.4 -syslibroot /Applications/Xcode.app/Contents/Developer/Platforms/MacOSX.platform/Developer/SDKs/MacOSX10.15.sdk -o /Users/john/Documents/code/advent-of-code-2020/day22/build/CMakeFiles/CMakeTmp/Debug/cmTC_ff078 -filelist /Users/john/Documents/code/advent-of-code-2020/day22/build/CMakeFiles/CMakeTmp/CMAKE_TRY_COMPILE.build/Debug/cmTC_ff078.build/Objects-normal/x86_64/cmTC_ff078.LinkFileList -object_path_lto /Users/john/Documents/code/advent-of-code-2020/day22/build/CMakeFiles/CMakeTmp/CMAKE_TRY_COMPILE.build/Debug/cmTC_ff078.build/Objects-normal/x86_64/cmTC_ff078_lto.o -no_deduplicate -v -search_paths_first -headerpad_max_install_names -dependency_info /Users/john/Documents/code/advent-of-code-2020/day22/build/CMakeFiles/CMakeTmp/CMAKE_TRY_COMPILE.build/Debug/cmTC_ff078.build/Objects-normal/x86_64/cmTC_ff078_dependency_info.dat -lc++ -lSystem /Applications/Xcode.app/Contents/Developer/Toolchains/XcodeDefault.xctoolchain/usr/lib/clang/11.0.3/lib/darwin/libclang_rt.osx.a ]
    arg [/Applications/Xcode.app/Contents/Developer/Toolchains/XcodeDefault.xctoolchain/usr/bin/ld] ==> ignore
    arg [-demangle] ==> ignore
    arg [-lto_library] ==> ignore, skip following value
    arg [/Applications/Xcode.app/Contents/Developer/Toolchains/XcodeDefault.xctoolchain/usr/lib/libLTO.dylib] ==> skip value of -lto_library
    arg [-dynamic] ==> ignore
    arg [-arch] ==> ignore
    arg [x86_64] ==> ignore
    arg [-platform_version] ==> ignore
    arg [macos] ==> ignore
    arg [10.15.0] ==> ignore
    arg [10.15.4] ==> ignore
    arg [-syslibroot] ==> ignore
    arg [/Applications/Xcode.app/Contents/Developer/Platforms/MacOSX.platform/Developer/SDKs/MacOSX10.15.sdk] ==> ignore
    arg [-o] ==> ignore
    arg [/Users/john/Documents/code/advent-of-code-2020/day22/build/CMakeFiles/CMakeTmp/Debug/cmTC_ff078] ==> ignore
    arg [-filelist] ==> ignore
    arg [/Users/john/Documents/code/advent-of-code-2020/day22/build/CMakeFiles/CMakeTmp/CMAKE_TRY_COMPILE.build/Debug/cmTC_ff078.build/Objects-normal/x86_64/cmTC_ff078.LinkFileList] ==> ignore
    arg [-object_path_lto] ==> ignore
    arg [/Users/john/Documents/code/advent-of-code-2020/day22/build/CMakeFiles/CMakeTmp/CMAKE_TRY_COMPILE.build/Debug/cmTC_ff078.build/Objects-normal/x86_64/cmTC_ff078_lto.o] ==> ignore
    arg [-no_deduplicate] ==> ignore
    arg [-v] ==> ignore
    arg [-search_paths_first] ==> ignore
    arg [-headerpad_max_install_names] ==> ignore
    arg [-dependency_info] ==> ignore
    arg [/Users/john/Documents/code/advent-of-code-2020/day22/build/CMakeFiles/CMakeTmp/CMAKE_TRY_COMPILE.build/Debug/cmTC_ff078.build/Objects-normal/x86_64/cmTC_ff078_dependency_info.dat] ==> ignore
    arg [-lc++] ==> lib [c++]
    arg [-lSystem] ==> lib [System]
    arg [/Applications/Xcode.app/Contents/Developer/Toolchains/XcodeDefault.xctoolchain/usr/lib/clang/11.0.3/lib/darwin/libclang_rt.osx.a] ==> lib [/Applications/Xcode.app/Contents/Developer/Toolchains/XcodeDefault.xctoolchain/usr/lib/clang/11.0.3/lib/darwin/libclang_rt.osx.a]
  Library search paths: [;/Users/john/Documents/code/advent-of-code-2020/day22/build/CMakeFiles/CMakeTmp/Debug;/Applications/Xcode.app/Contents/Developer/Platforms/MacOSX.platform/Developer/SDKs/MacOSX10.15.sdk/usr/lib]
  Framework search paths: [;/Users/john/Documents/code/advent-of-code-2020/day22/build/CMakeFiles/CMakeTmp/Debug;/Applications/Xcode.app/Contents/Developer/Platforms/MacOSX.platform/Developer/SDKs/MacOSX10.15.sdk/System/Library/Frameworks/]
  remove lib [System]
  remove lib [/Applications/Xcode.app/Contents/Developer/Toolchains/XcodeDefault.xctoolchain/usr/lib/clang/11.0.3/lib/darwin/libclang_rt.osx.a]
  collapse library dir [/Users/john/Documents/code/advent-of-code-2020/day22/build/CMakeFiles/CMakeTmp/Debug] ==> [/Users/john/Documents/code/advent-of-code-2020/day22/build/CMakeFiles/CMakeTmp/Debug], skipping non-system directory
  collapse library dir [/Applications/Xcode.app/Contents/Developer/Platforms/MacOSX.platform/Developer/SDKs/MacOSX10.15.sdk/usr/lib] ==> [/Applications/Xcode.app/Contents/Developer/Platforms/MacOSX.platform/Developer/SDKs/MacOSX10.15.sdk/usr/lib]
  collapse framework dir [/Users/john/Documents/code/advent-of-code-2020/day22/build/CMakeFiles/CMakeTmp/Debug] ==> [/Users/john/Documents/code/advent-of-code-2020/day22/build/CMakeFiles/CMakeTmp/Debug], skipping non-system directory
  collapse framework dir [/Applications/Xcode.app/Contents/Developer/Platforms/MacOSX.platform/Developer/SDKs/MacOSX10.15.sdk/System/Library/Frameworks/] ==> [/Applications/Xcode.app/Contents/Developer/Platforms/MacOSX.platform/Developer/SDKs/MacOSX10.15.sdk/System/Library/Frameworks]
  implicit libs: [c++]
  implicit dirs: [/Applications/Xcode.app/Contents/Developer/Platforms/MacOSX.platform/Developer/SDKs/MacOSX10.15.sdk/usr/lib]
  implicit fwks: [/Applications/Xcode.app/Contents/Developer/Platforms/MacOSX.platform/Developer/SDKs/MacOSX10.15.sdk/System/Library/Frameworks]


